1. Groups operating in both South Asia and Middle East within 6 months:

2. Cities with attacks from different groups within 48 hours:
{'City': 'New York City', 'Groups': ['Left-Wing Militants', 'Weather Underground, Weathermen', 'Student Radicals', 'Revolutionary Force 9', 'Black Panthers', 'Puerto Rican Resistance Movement', 'Unknown', 'The World United Formosans for Independence (WUFI)', 'Armed Revolutionary Independence Movement (MIRA)', 'Stop the War Coalition', 'Cuban Action', 'Black Nationalists', 'White extremists', 'Jewish Defense League (JDL)', 'Secret Cuban Government', 'Black Liberation Army', 'Student Radicals', 'Left-Wing Militants', 'Weather Underground, Weathermen', 'Revolutionary Force 9', 'Puerto Rican Resistance Movement', 'Black Panthers', 'Unknown', 'The World United Formosans for Independence (WUFI)', 'Armed Revolutionary Independence Movement (MIRA)', 'Stop the War Coalition', 'Cuban Action', 'Black Nationalists', 'White extremists', 'Jewish Defense League (JDL)', 'Secret Cuban Government', 'Black Liberation Army'], 'Country': 'United States', 'AttackCount': 66}
{'City': 'Los Angeles', 'Groups': ['Cuban Exiles', 'Chicano Liberation Front', 'Unknown', 'Black Nationalists', 'Student Radicals', 'Left-Wing Militants', 'Chicano Radicals', 'Unknown', 'Cuban Exiles', 'Chicano Liberation Front', 'Student Radicals', 'Black Nationalists', 'Left-Wing Militants', 'Chicano Radicals'], 'Country': 'United States', 'AttackCount': 17}
{'City': 'Ankara', 'Groups': ["Turkish People's Liberation Army", 'Unknown', 'RYF', 'Unknown', "Turkish People's Liberation Army", 'RYF'], 'Country': 'Turkey', 'AttackCount': 12}
{'City': 'Belfast', 'Groups': ['Ulster Volunteer Force (UVF)', 'Irish Republican Army (IRA)', 'Official Irish Republican Army (OIRA)', 'Irish Republican Extremists', 'Unknown', 'Irish Republican Army (IRA)', 'Ulster Volunteer Force (UVF)', 'Official Irish Republican Army (OIRA)', 'Irish Republican Extremists', 'Unknown'], 'Country': 'United Kingdom', 'AttackCount': 9}
{'City': 'San Francisco', 'Groups': ['Left-Wing Militants', 'Unknown', 'Black Nationalists', 'Weather Underground, Weathermen', 'Black Liberation Army', 'Unknown', 'Left-Wing Militants', 'Black Nationalists', 'Black Liberation Army', 'Weather Underground, Weathermen'], 'Country': 'United States', 'AttackCount': 8}
{'City': 'Amman', 'Groups': ['Popular Front for the Liberation of Palestine (PFLP)', 'Unknown', 'Unknown', 'Popular Front for the Liberation of Palestine (PFLP)'], 'Country': 'Jordan', 'AttackCount': 4}
{'City': 'Seattle', 'Groups': ['Student Radicals', 'Black Nationalists', 'Left-Wing Militants', 'Black Nationalists', 'Student Radicals', 'Left-Wing Militants'], 'Country': 'United States', 'AttackCount': 4}
{'City': 'Cairo', 'Groups': ['Black Panthers', 'Black Nationalists', 'White extremists', 'Black Nationalists', 'Black Panthers', 'White extremists'], 'Country': 'United States', 'AttackCount': 4}
{'City': 'Boulder', 'Groups': ['Left-Wing Militants', 'Student Radicals', 'Student Radicals', 'Left-Wing Militants'], 'Country': 'United States', 'AttackCount': 3}
{'City': 'Chicago', 'Groups': ['White extremists', 'Black Nationalists', 'Black Nationalists', 'White extremists'], 'Country': 'United States', 'AttackCount': 3}

3. Groups using similar tactics as Taliban and ISIS:

4. Taliban activities in 2015:

5. High-frequency attack periods by Taliban:

6. Attack chains between Taliban and ISIS:

7. Transitive connections to ISIS over 7 days:

8. Groups operating across regions within 30 days:

9. Sequential target attacks within 72 hours:
{'first_group': 'MANO-D', 'second_group': 'Unknown', 'target_type': 'Private Citizens & Property', 'first_city': 'Santo Domingo', 'second_city': 'Akron', 'hours_between': 0}
{'first_group': 'MANO-D', 'second_group': 'Unknown', 'target_type': 'Private Citizens & Property', 'first_city': 'Santo Domingo', 'second_city': 'Long Beach', 'hours_between': 0}
{'first_group': 'MANO-D', 'second_group': 'Strikers', 'target_type': 'Private Citizens & Property', 'first_city': 'Santo Domingo', 'second_city': 'San Francisco', 'hours_between': 0}
{'first_group': 'Black Nationalists', 'second_group': 'Tupamaros (Uruguay)', 'target_type': 'Police', 'first_city': 'Cairo', 'second_city': 'Montevideo', 'hours_between': 0}
{'first_group': 'Weather Underground, Weathermen', 'second_group': "New Year's Gang", 'target_type': 'Military', 'first_city': 'Baraboo', 'second_city': 'Madison', 'hours_between': 0}
{'first_group': 'Left-Wing Militants', 'second_group': 'Commune 1', 'target_type': 'Government (General)', 'first_city': 'Detroit', 'second_city': 'Berlin', 'hours_between': 0}
{'first_group': 'Armed Commandos of Liberation', 'second_group': 'Strikers', 'target_type': 'Business', 'first_city': 'Rio Piedras', 'second_city': 'Rio Grande', 'hours_between': 0}
{'first_group': 'Black Nationalists', 'second_group': 'Tupamaros (Uruguay)', 'target_type': 'Educational Institution', 'first_city': 'New York City', 'second_city': 'Montevideo', 'hours_between': 0}
{'first_group': 'Strikers', 'second_group': 'Black Nationalists', 'target_type': 'Business', 'first_city': 'Rio Grande', 'second_city': 'Seattle', 'hours_between': 0}
{'first_group': 'MANO-D', 'second_group': 'White extremists', 'target_type': 'Private Citizens & Property', 'first_city': 'Santo Domingo', 'second_city': 'New York City', 'hours_between': 0}

10. Cities with multiple group attacks:
{'city': 'New York City', 'groups': ['White extremists', 'Unknown', 'Left-Wing Militants', 'Black Nationalists'], 'group_count': 4, 'country': 'United States'}
{'city': 'New York City', 'groups': ['Student Radicals', 'Left-Wing Militants', 'Weather Underground, Weathermen'], 'group_count': 3, 'country': 'United States'}
{'city': 'Los Angeles', 'groups': ['Unknown', 'Cuban Exiles', 'Chicano Liberation Front'], 'group_count': 3, 'country': 'United States'}
{'city': 'New York City', 'groups': ['Black Nationalists', 'Left-Wing Militants', 'Armed Revolutionary Independence Movement (MIRA)'], 'group_count': 3, 'country': 'United States'}
{'city': 'New York City', 'groups': ['Unknown', 'Left-Wing Militants', 'Black Nationalists'], 'group_count': 3, 'country': 'United States'}
{'city': 'New York City', 'groups': ['Unknown', 'Left-Wing Militants', 'Black Nationalists'], 'group_count': 3, 'country': 'United States'}
{'city': 'New York City', 'groups': ['Black Nationalists', 'Weather Underground, Weathermen', 'Unknown'], 'group_count': 3, 'country': 'United States'}
{'city': 'New York City', 'groups': ['Weather Underground, Weathermen', 'Unknown', 'Jewish Defense League (JDL)'], 'group_count': 3, 'country': 'United States'}
{'city': 'Los Angeles', 'groups': ['Unknown', 'Chicano Liberation Front', 'Left-Wing Militants'], 'group_count': 3, 'country': 'United States'}
{'city': 'Los Angeles', 'groups': ['Unknown', 'Chicano Liberation Front', 'Left-Wing Militants'], 'group_count': 3, 'country': 'United States'}
{'city': 'Los Angeles', 'groups': ['Unknown', 'Chicano Liberation Front', 'Left-Wing Militants'], 'group_count': 3, 'country': 'United States'}
{'city': 'New York City', 'groups': ['Armed Revolutionary Independence Movement (MIRA)', 'White extremists', 'Black Liberation Army'], 'group_count': 3, 'country': 'United States'}
{'city': 'New York City', 'groups': ['Armed Revolutionary Independence Movement (MIRA)', 'White extremists', 'Black Liberation Army'], 'group_count': 3, 'country': 'United States'}
{'city': 'New York City', 'groups': ['Armed Revolutionary Independence Movement (MIRA)', 'White extremists', 'Black Liberation Army'], 'group_count': 3, 'country': 'United States'}
{'city': 'New York City', 'groups': ['Armed Revolutionary Independence Movement (MIRA)', 'White extremists', 'Black Liberation Army'], 'group_count': 3, 'country': 'United States'}
{'city': 'New York City', 'groups': ['Armed Revolutionary Independence Movement (MIRA)', 'White extremists', 'Black Liberation Army'], 'group_count': 3, 'country': 'United States'}
{'city': 'New York City', 'groups': ['Armed Revolutionary Independence Movement (MIRA)', 'White extremists', 'Black Liberation Army'], 'group_count': 3, 'country': 'United States'}
{'city': 'New York City', 'groups': ['Armed Revolutionary Independence Movement (MIRA)', 'White extremists', 'Black Liberation Army'], 'group_count': 3, 'country': 'United States'}
{'city': 'New York City', 'groups': ['Armed Revolutionary Independence Movement (MIRA)', 'White extremists', 'Black Liberation Army'], 'group_count': 3, 'country': 'United States'}
{'city': 'New York City', 'groups': ['Armed Revolutionary Independence Movement (MIRA)', 'White extremists', 'Black Liberation Army'], 'group_count': 3, 'country': 'United States'}

11. Groups changing weapon patterns:
{'group_name': 'Left-Wing Militants', 'weapon_patterns': [{'weapon': 'Incendiary', 'year': 1970}, {'weapon': 'Incendiary', 'year': 1970}, {'weapon': 'Incendiary', 'year': 1970}, {'weapon': 'Incendiary', 'year': 1970}, {'weapon': 'Explosives', 'year': 1970}, {'weapon': 'Firearms', 'year': 1970}, {'weapon': 'Incendiary', 'year': 1970}, {'weapon': 'Incendiary', 'year': 1970}, {'weapon': 'Incendiary', 'year': 1970}, {'weapon': 'Explosives', 'year': 1970}, {'weapon': 'Incendiary', 'year': 1970}, {'weapon': 'Explosives', 'year': 1970}, {'weapon': 'Explosives', 'year': 1970}, {'weapon': 'Explosives', 'year': 1970}, {'weapon': 'Explosives', 'year': 1970}, {'weapon': 'Explosives', 'year': 1970}, {'weapon': 'Explosives', 'year': 1970}, {'weapon': 'Explosives', 'year': 1970}, {'weapon': 'Explosives', 'year': 1970}, {'weapon': 'Firearms', 'year': 1970}, {'weapon': 'Explosives', 'year': 1970}, {'weapon': 'Incendiary', 'year': 1970}, {'weapon': 'Incendiary', 'year': 1970}, {'weapon': 'Explosives', 'year': 1970}, {'weapon': 'Explosives', 'year': 1970}, {'weapon': 'Explosives', 'year': 1970}, {'weapon': 'Explosives', 'year': 1970}, {'weapon': 'Explosives', 'year': 1970}, {'weapon': 'Incendiary', 'year': 1970}, {'weapon': 'Incendiary', 'year': 1970}, {'weapon': 'Explosives', 'year': 1970}, {'weapon': 'Incendiary', 'year': 1970}, {'weapon': 'Explosives', 'year': 1970}, {'weapon': 'Explosives', 'year': 1970}, {'weapon': 'Explosives', 'year': 1970}, {'weapon': 'Explosives', 'year': 1970}, {'weapon': 'Incendiary', 'year': 1970}, {'weapon': 'Incendiary', 'year': 1970}, {'weapon': 'Incendiary', 'year': 1970}, {'weapon': 'Incendiary', 'year': 1970}, {'weapon': 'Incendiary', 'year': 1970}, {'weapon': 'Incendiary', 'year': 1970}, {'weapon': 'Incendiary', 'year': 1970}, {'weapon': 'Explosives', 'year': 1970}, {'weapon': 'Incendiary', 'year': 1970}, {'weapon': 'Incendiary', 'year': 1970}, {'weapon': 'Incendiary', 'year': 1970}, {'weapon': 'Incendiary', 'year': 1970}, {'weapon': 'Incendiary', 'year': 1970}, {'weapon': 'Explosives', 'year': 1970}, {'weapon': 'Incendiary', 'year': 1970}, {'weapon': 'Explosives', 'year': 1970}, {'weapon': 'Incendiary', 'year': 1970}, {'weapon': 'Incendiary', 'year': 1970}, {'weapon': 'Incendiary', 'year': 1970}, {'weapon': 'Explosives', 'year': 1970}, {'weapon': 'Explosives', 'year': 1970}, {'weapon': 'Sabotage Equipment', 'year': 1970}, {'weapon': 'Explosives', 'year': 1970}, {'weapon': 'Incendiary', 'year': 1970}, {'weapon': 'Explosives', 'year': 1970}, {'weapon': 'Incendiary', 'year': 1970}, {'weapon': 'Explosives', 'year': 1970}, {'weapon': 'Explosives', 'year': 1970}, {'weapon': 'Explosives', 'year': 1970}, {'weapon': 'Incendiary', 'year': 1970}, {'weapon': 'Incendiary', 'year': 1970}, {'weapon': 'Incendiary', 'year': 1970}, {'weapon': 'Incendiary', 'year': 1970}, {'weapon': 'Incendiary', 'year': 1970}, {'weapon': 'Explosives', 'year': 1970}, {'weapon': 'Explosives', 'year': 1970}, {'weapon': 'Explosives', 'year': 1970}, {'weapon': 'Explosives', 'year': 1970}, {'weapon': 'Incendiary', 'year': 1970}, {'weapon': 'Explosives', 'year': 1970}, {'weapon': 'Explosives', 'year': 1970}, {'weapon': 'Explosives', 'year': 1970}, {'weapon': 'Explosives', 'year': 1970}, {'weapon': 'Incendiary', 'year': 1970}, {'weapon': 'Explosives', 'year': 1970}, {'weapon': 'Incendiary', 'year': 1970}, {'weapon': 'Incendiary', 'year': 1970}, {'weapon': 'Incendiary', 'year': 1970}, {'weapon': 'Incendiary', 'year': 1970}, {'weapon': 'Incendiary', 'year': 1970}, {'weapon': 'Explosives', 'year': 1970}, {'weapon': 'Explosives', 'year': 1970}, {'weapon': 'Explosives', 'year': 1970}, {'weapon': 'Explosives', 'year': 1970}, {'weapon': 'Explosives', 'year': 1970}, {'weapon': 'Explosives', 'year': 1970}, {'weapon': 'Incendiary', 'year': 1970}, {'weapon': 'Explosives', 'year': 1970}, {'weapon': 'Incendiary', 'year': 1970}, {'weapon': 'Explosives', 'year': 1970}, {'weapon': 'Explosives', 'year': 1970}, {'weapon': 'Explosives', 'year': 1970}, {'weapon': 'Explosives', 'year': 1970}, {'weapon': 'Incendiary', 'year': 1970}, {'weapon': 'Incendiary', 'year': 1970}, {'weapon': 'Explosives', 'year': 1970}, {'weapon': 'Explosives', 'year': 1970}, {'weapon': 'Incendiary', 'year': 1970}, {'weapon': 'Explosives', 'year': 1970}, {'weapon': 'Explosives', 'year': 1970}, {'weapon': 'Explosives', 'year': 1970}, {'weapon': 'Explosives', 'year': 1970}, {'weapon': 'Explosives', 'year': 1971}, {'weapon': 'Incendiary', 'year': 1971}, {'weapon': 'Explosives', 'year': 1971}, {'weapon': 'Explosives', 'year': 1971}, {'weapon': 'Explosives', 'year': 1971}, {'weapon': 'Explosives', 'year': 1971}, {'weapon': 'Incendiary', 'year': 1971}, {'weapon': 'Explosives', 'year': 1971}, {'weapon': 'Incendiary', 'year': 1971}, {'weapon': 'Explosives', 'year': 1971}, {'weapon': 'Incendiary', 'year': 1971}, {'weapon': 'Incendiary', 'year': 1971}, {'weapon': 'Incendiary', 'year': 1971}, {'weapon': 'Explosives', 'year': 1971}, {'weapon': 'Explosives', 'year': 1971}, {'weapon': 'Explosives', 'year': 1971}, {'weapon': 'Explosives', 'year': 1971}, {'weapon': 'Incendiary', 'year': 1971}, {'weapon': 'Incendiary', 'year': 1971}, {'weapon': 'Explosives', 'year': 1971}, {'weapon': 'Explosives', 'year': 1971}, {'weapon': 'Explosives', 'year': 1971}, {'weapon': 'Incendiary', 'year': 1971}, {'weapon': 'Melee', 'year': 1971}, {'weapon': 'Incendiary', 'year': 1971}, {'weapon': 'Explosives', 'year': 1971}, {'weapon': 'Incendiary', 'year': 1971}, {'weapon': 'Incendiary', 'year': 1971}, {'weapon': 'Incendiary', 'year': 1971}, {'weapon': 'Incendiary', 'year': 1971}, {'weapon': 'Incendiary', 'year': 1971}, {'weapon': 'Explosives', 'year': 1971}, {'weapon': 'Incendiary', 'year': 1971}, {'weapon': 'Explosives', 'year': 1971}, {'weapon': 'Incendiary', 'year': 1971}, {'weapon': 'Chemical', 'year': 1971}, {'weapon': 'Incendiary', 'year': 1971}, {'weapon': 'Incendiary', 'year': 1971}, {'weapon': 'Explosives', 'year': 1971}, {'weapon': 'Explosives', 'year': 1971}, {'weapon': 'Explosives', 'year': 1971}, {'weapon': 'Incendiary', 'year': 1971}], 'unique_weapons': 6}
{'group_name': 'Black Nationalists', 'weapon_patterns': [{'weapon': 'Firearms', 'year': 1970}, {'weapon': 'Explosives', 'year': 1970}, {'weapon': 'Incendiary', 'year': 1970}, {'weapon': 'Incendiary', 'year': 1970}, {'weapon': 'Explosives', 'year': 1970}, {'weapon': 'Firearms', 'year': 1970}, {'weapon': 'Explosives', 'year': 1970}, {'weapon': 'Firearms', 'year': 1970}, {'weapon': 'Firearms', 'year': 1970}, {'weapon': 'Explosives', 'year': 1970}, {'weapon': 'Explosives', 'year': 1970}, {'weapon': 'Explosives', 'year': 1970}, {'weapon': 'Explosives', 'year': 1970}, {'weapon': 'Incendiary', 'year': 1970}, {'weapon': 'Incendiary', 'year': 1970}, {'weapon': 'Explosives', 'year': 1970}, {'weapon': 'Explosives', 'year': 1970}, {'weapon': 'Explosives', 'year': 1970}, {'weapon': 'Explosives', 'year': 1970}, {'weapon': 'Explosives', 'year': 1970}, {'weapon': 'Explosives', 'year': 1970}, {'weapon': 'Explosives', 'year': 1970}, {'weapon': 'Explosives', 'year': 1970}, {'weapon': 'Explosives', 'year': 1970}, {'weapon': 'Explosives', 'year': 1970}, {'weapon': 'Explosives', 'year': 1970}, {'weapon': 'Incendiary', 'year': 1970}, {'weapon': 'Incendiary', 'year': 1970}, {'weapon': 'Firearms', 'year': 1970}, {'weapon': 'Incendiary', 'year': 1970}, {'weapon': 'Incendiary', 'year': 1970}, {'weapon': 'Explosives', 'year': 1970}, {'weapon': 'Firearms', 'year': 1970}, {'weapon': 'Incendiary', 'year': 1970}, {'weapon': 'Incendiary', 'year': 1970}, {'weapon': 'Incendiary', 'year': 1970}, {'weapon': 'Incendiary', 'year': 1970}, {'weapon': 'Incendiary', 'year': 1970}, {'weapon': 'Explosives', 'year': 1970}, {'weapon': 'Explosives', 'year': 1970}, {'weapon': 'Explosives', 'year': 1970}, {'weapon': 'Explosives', 'year': 1970}, {'weapon': 'Firearms', 'year': 1970}, {'weapon': 'Explosives', 'year': 1970}, {'weapon': 'Firearms', 'year': 1970}, {'weapon': 'Explosives', 'year': 1970}, {'weapon': 'Explosives', 'year': 1970}, {'weapon': 'Explosives', 'year': 1970}, {'weapon': 'Incendiary', 'year': 1970}, {'weapon': 'Firearms', 'year': 1970}, {'weapon': 'Firearms', 'year': 1970}, {'weapon': 'Firearms', 'year': 1970}, {'weapon': 'Incendiary', 'year': 1970}, {'weapon': 'Explosives', 'year': 1970}, {'weapon': 'Explosives', 'year': 1970}, {'weapon': 'Incendiary', 'year': 1970}, {'weapon': 'Firearms', 'year': 1970}, {'weapon': 'Incendiary', 'year': 1970}, {'weapon': 'Explosives', 'year': 1970}, {'weapon': 'Firearms', 'year': 1970}, {'weapon': 'Firearms', 'year': 1970}, {'weapon': 'Explosives', 'year': 1970}, {'weapon': 'Explosives', 'year': 1970}, {'weapon': 'Explosives', 'year': 1970}, {'weapon': 'Incendiary', 'year': 1970}, {'weapon': 'Firearms', 'year': 1970}, {'weapon': 'Incendiary', 'year': 1970}, {'weapon': 'Incendiary', 'year': 1970}, {'weapon': 'Melee', 'year': 1970}, {'weapon': 'Incendiary', 'year': 1971}, {'weapon': 'Incendiary', 'year': 1971}, {'weapon': 'Incendiary', 'year': 1971}, {'weapon': 'Incendiary', 'year': 1971}, {'weapon': 'Explosives', 'year': 1971}, {'weapon': 'Explosives', 'year': 1971}, {'weapon': 'Explosives', 'year': 1971}, {'weapon': 'Firearms', 'year': 1971}, {'weapon': 'Explosives', 'year': 1971}, {'weapon': 'Explosives', 'year': 1971}, {'weapon': 'Firearms', 'year': 1971}, {'weapon': 'Explosives', 'year': 1971}], 'unique_weapons': 4}
{'group_name': 'Jewish Defense League (JDL)', 'weapon_patterns': [{'weapon': 'Melee', 'year': 1970}, {'weapon': 'Explosives', 'year': 1970}, {'weapon': 'Incendiary', 'year': 1970}, {'weapon': 'Incendiary', 'year': 1970}, {'weapon': 'Unknown', 'year': 1970}, {'weapon': 'Explosives', 'year': 1970}, {'weapon': 'Explosives', 'year': 1970}, {'weapon': 'Explosives', 'year': 1970}, {'weapon': 'Explosives', 'year': 1971}, {'weapon': 'Explosives', 'year': 1971}, {'weapon': 'Explosives', 'year': 1971}, {'weapon': 'Explosives', 'year': 1971}, {'weapon': 'Incendiary', 'year': 1971}, {'weapon': 'Explosives', 'year': 1971}, {'weapon': 'Explosives', 'year': 1971}], 'unique_weapons': 4}
{'group_name': "Turkish People's Liberation Army", 'weapon_patterns': [{'weapon': 'Explosives', 'year': 1970}, {'weapon': 'Explosives', 'year': 1970}, {'weapon': 'Incendiary', 'year': 1970}, {'weapon': 'Explosives', 'year': 1970}, {'weapon': 'Explosives', 'year': 1970}, {'weapon': 'Explosives', 'year': 1970}, {'weapon': 'Firearms', 'year': 1970}, {'weapon': 'Explosives', 'year': 1971}, {'weapon': 'Firearms', 'year': 1971}, {'weapon': 'Explosives', 'year': 1971}, {'weapon': 'Incendiary', 'year': 1971}, {'weapon': 'Explosives', 'year': 1971}, {'weapon': 'Explosives', 'year': 1971}, {'weapon': 'Explosives', 'year': 1971}, {'weapon': 'Explosives', 'year': 1971}, {'weapon': 'Explosives', 'year': 1971}, {'weapon': 'Explosives', 'year': 1971}, {'weapon': 'Unknown', 'year': 1971}, {'weapon': 'Explosives', 'year': 1971}, {'weapon': 'Explosives', 'year': 1971}, {'weapon': 'Explosives', 'year': 1971}, {'weapon': 'Unknown', 'year': 1971}, {'weapon': 'Explosives', 'year': 1971}, {'weapon': 'Explosives', 'year': 1971}, {'weapon': 'Explosives', 'year': 1971}, {'weapon': 'Explosives', 'year': 1971}, {'weapon': 'Explosives', 'year': 1971}, {'weapon': 'Explosives', 'year': 1971}, {'weapon': 'Unknown', 'year': 1971}], 'unique_weapons': 4}
{'group_name': 'Black Liberation Army', 'weapon_patterns': [{'weapon': 'Explosives', 'year': 1970}, {'weapon': 'Firearms', 'year': 1971}, {'weapon': 'Melee', 'year': 1971}, {'weapon': 'Explosives', 'year': 1971}, {'weapon': 'Firearms', 'year': 1971}, {'weapon': 'Firearms', 'year': 1971}, {'weapon': 'Firearms', 'year': 1971}, {'weapon': 'Firearms', 'year': 1971}, {'weapon': 'Firearms', 'year': 1971}, {'weapon': 'Unknown', 'year': 1971}, {'weapon': 'Firearms', 'year': 1971}, {'weapon': 'Firearms', 'year': 1971}, {'weapon': 'Firearms', 'year': 1971}, {'weapon': 'Firearms', 'year': 1971}], 'unique_weapons': 4}
{'group_name': 'Popular Front for the Liberation of Palestine (PFLP)', 'weapon_patterns': [{'weapon': 'Firearms', 'year': 1970}, {'weapon': 'Incendiary', 'year': 1970}, {'weapon': 'Explosives', 'year': 1970}, {'weapon': 'Explosives', 'year': 1970}, {'weapon': 'Unknown', 'year': 1970}, {'weapon': 'Explosives', 'year': 1970}, {'weapon': 'Firearms', 'year': 1970}, {'weapon': 'Firearms', 'year': 1970}, {'weapon': 'Unknown', 'year': 1970}, {'weapon': 'Explosives', 'year': 1970}, {'weapon': 'Unknown', 'year': 1970}, {'weapon': 'Firearms', 'year': 1970}, {'weapon': 'Firearms', 'year': 1970}, {'weapon': 'Explosives', 'year': 1971}, {'weapon': 'Explosives', 'year': 1971}, {'weapon': 'Explosives', 'year': 1971}, {'weapon': 'Explosives', 'year': 1971}], 'unique_weapons': 4}
{'group_name': 'Tupamaros (Uruguay)', 'weapon_patterns': [{'weapon': 'Firearms', 'year': 1970}, {'weapon': 'Firearms', 'year': 1970}, {'weapon': 'Firearms', 'year': 1970}, {'weapon': 'Firearms', 'year': 1970}, {'weapon': 'Unknown', 'year': 1970}, {'weapon': 'Unknown', 'year': 1970}, {'weapon': 'Unknown', 'year': 1970}, {'weapon': 'Unknown', 'year': 1970}, {'weapon': 'Unknown', 'year': 1970}, {'weapon': 'Unknown', 'year': 1970}, {'weapon': 'Firearms', 'year': 1970}, {'weapon': 'Incendiary', 'year': 1970}, {'weapon': 'Explosives', 'year': 1970}, {'weapon': 'Explosives', 'year': 1970}, {'weapon': 'Incendiary', 'year': 1970}, {'weapon': 'Incendiary', 'year': 1970}, {'weapon': 'Incendiary', 'year': 1970}, {'weapon': 'Unknown', 'year': 1970}, {'weapon': 'Incendiary', 'year': 1970}, {'weapon': 'Incendiary', 'year': 1970}, {'weapon': 'Incendiary', 'year': 1970}, {'weapon': 'Incendiary', 'year': 1970}, {'weapon': 'Incendiary', 'year': 1970}, {'weapon': 'Firearms', 'year': 1970}, {'weapon': 'Incendiary', 'year': 1970}, {'weapon': 'Firearms', 'year': 1970}, {'weapon': 'Explosives', 'year': 1970}, {'weapon': 'Explosives', 'year': 1970}, {'weapon': 'Explosives', 'year': 1970}, {'weapon': 'Explosives', 'year': 1970}, {'weapon': 'Explosives', 'year': 1970}, {'weapon': 'Firearms', 'year': 1970}, {'weapon': 'Explosives', 'year': 1970}, {'weapon': 'Unknown', 'year': 1971}, {'weapon': 'Firearms', 'year': 1971}, {'weapon': 'Firearms', 'year': 1971}, {'weapon': 'Firearms', 'year': 1971}, {'weapon': 'Firearms', 'year': 1971}, {'weapon': 'Unknown', 'year': 1971}, {'weapon': 'Unknown', 'year': 1971}, {'weapon': 'Firearms', 'year': 1971}], 'unique_weapons': 4}
{'group_name': 'Armed Commandos of Liberation', 'weapon_patterns': [{'weapon': 'Incendiary', 'year': 1970}, {'weapon': 'Firearms', 'year': 1970}, {'weapon': 'Explosives', 'year': 1970}, {'weapon': 'Explosives', 'year': 1970}, {'weapon': 'Explosives', 'year': 1970}, {'weapon': 'Explosives', 'year': 1970}, {'weapon': 'Explosives', 'year': 1970}, {'weapon': 'Explosives', 'year': 1970}, {'weapon': 'Explosives', 'year': 1970}, {'weapon': 'Explosives', 'year': 1970}, {'weapon': 'Explosives', 'year': 1970}, {'weapon': 'Explosives', 'year': 1970}, {'weapon': 'Explosives', 'year': 1971}], 'unique_weapons': 3}
{'group_name': '1st of May Group', 'weapon_patterns': [{'weapon': 'Unknown', 'year': 1970}, {'weapon': 'Explosives', 'year': 1970}, {'weapon': 'Incendiary', 'year': 1970}], 'unique_weapons': 3}
{'group_name': 'White extremists', 'weapon_patterns': [{'weapon': 'Incendiary', 'year': 1970}, {'weapon': 'Incendiary', 'year': 1970}, {'weapon': 'Explosives', 'year': 1970}, {'weapon': 'Explosives', 'year': 1970}, {'weapon': 'Explosives', 'year': 1970}, {'weapon': 'Explosives', 'year': 1970}, {'weapon': 'Incendiary', 'year': 1970}, {'weapon': 'Explosives', 'year': 1970}, {'weapon': 'Incendiary', 'year': 1970}, {'weapon': 'Explosives', 'year': 1970}, {'weapon': 'Incendiary', 'year': 1970}, {'weapon': 'Incendiary', 'year': 1970}, {'weapon': 'Firearms', 'year': 1970}, {'weapon': 'Explosives', 'year': 1970}, {'weapon': 'Incendiary', 'year': 1970}, {'weapon': 'Explosives', 'year': 1970}, {'weapon': 'Explosives', 'year': 1970}, {'weapon': 'Explosives', 'year': 1970}, {'weapon': 'Explosives', 'year': 1970}, {'weapon': 'Explosives', 'year': 1970}, {'weapon': 'Explosives', 'year': 1970}, {'weapon': 'Explosives', 'year': 1970}, {'weapon': 'Firearms', 'year': 1970}, {'weapon': 'Incendiary', 'year': 1970}, {'weapon': 'Firearms', 'year': 1970}, {'weapon': 'Firearms', 'year': 1970}, {'weapon': 'Explosives', 'year': 1970}, {'weapon': 'Incendiary', 'year': 1970}, {'weapon': 'Firearms', 'year': 1970}, {'weapon': 'Firearms', 'year': 1970}, {'weapon': 'Incendiary', 'year': 1971}, {'weapon': 'Incendiary', 'year': 1971}, {'weapon': 'Explosives', 'year': 1971}, {'weapon': 'Explosives', 'year': 1971}, {'weapon': 'Incendiary', 'year': 1971}], 'unique_weapons': 3}

12. Regional attack clusters:
{'region': 'North America', 'monthly_patterns': [{'count': 111, 'month': 4}, {'count': 95, 'month': 5}, {'count': 84, 'month': 3}, {'count': 68, 'month': 2}, {'count': 68, 'month': 7}, {'count': 63, 'month': 8}, {'count': 58, 'month': 6}, {'count': 45, 'month': 1}, {'count': 34, 'month': 10}, {'count': 22, 'month': 9}, {'count': 22, 'month': 11}, {'count': 11, 'month': 12}, {'count': 1, 'month': 0}]}
{'region': 'Middle East & North Africa', 'monthly_patterns': [{'count': 14, 'month': 2}, {'count': 11, 'month': 4}, {'count': 8, 'month': 6}, {'count': 7, 'month': 3}, {'count': 7, 'month': 10}, {'count': 7, 'month': 1}, {'count': 6, 'month': 5}, {'count': 4, 'month': 11}, {'count': 2, 'month': 9}, {'count': 2, 'month': 12}, {'count': 1, 'month': 8}, {'count': 1, 'month': 7}]}
{'region': 'Western Europe', 'monthly_patterns': [{'count': 17, 'month': 8}, {'count': 13, 'month': 6}, {'count': 12, 'month': 5}, {'count': 11, 'month': 2}, {'count': 11, 'month': 3}, {'count': 11, 'month': 7}, {'count': 8, 'month': 1}, {'count': 8, 'month': 9}, {'count': 6, 'month': 4}, {'count': 5, 'month': 10}, {'count': 4, 'month': 12}, {'count': 3, 'month': 11}]}
{'region': 'South America', 'monthly_patterns': [{'count': 10, 'month': 1}, {'count': 10, 'month': 7}, {'count': 10, 'month': 9}, {'count': 9, 'month': 11}, {'count': 9, 'month': 12}, {'count': 8, 'month': 5}, {'count': 8, 'month': 10}, {'count': 7, 'month': 3}, {'count': 4, 'month': 4}, {'count': 4, 'month': 6}, {'count': 4, 'month': 8}, {'count': 3, 'month': 2}]}
{'region': 'Southeast Asia', 'monthly_patterns': [{'count': 5, 'month': 3}, {'count': 3, 'month': 1}, {'count': 2, 'month': 4}, {'count': 2, 'month': 6}, {'count': 2, 'month': 9}, {'count': 1, 'month': 11}, {'count': 1, 'month': 2}]}
{'region': 'Eastern Europe', 'monthly_patterns': [{'count': 6, 'month': 5}, {'count': 4, 'month': 8}, {'count': 2, 'month': 1}, {'count': 2, 'month': 9}, {'count': 1, 'month': 4}, {'count': 1, 'month': 11}]}
{'region': 'Central America & Caribbean', 'monthly_patterns': [{'count': 4, 'month': 1}, {'count': 3, 'month': 7}, {'count': 3, 'month': 3}, {'count': 1, 'month': 2}, {'count': 1, 'month': 5}]}
{'region': 'Sub-Saharan Africa', 'monthly_patterns': [{'count': 3, 'month': 1}, {'count': 1, 'month': 3}, {'count': 1, 'month': 4}]}
{'region': 'East Asia', 'monthly_patterns': [{'count': 1, 'month': 1}, {'count': 1, 'month': 3}]}
{'region': 'Australasia & Oceania', 'monthly_patterns': [{'count': 1, 'month': 10}]}

13. Groups with similar attack patterns within 30 days:
Groups Puerto Rican Nationalists and Armed Revolutionary Independence Movement (MIRA) - Similarity: 1.0 (Matched:weapon target region country)
  1970-05-01 -> 1970-05-01
  1970-05-01 -> 1970-05-01
Groups National Committee to Combat Fascism and Black Panthers - Similarity: 1.0 (Matched:weapon target region country)
  1970-10-24 -> 1970-10-24
Groups Neo-Nazi extremists and Ku Klux Klan - Similarity: 1.0 (Matched:weapon target region country)
  1971-02-10 -> 1971-03-11
Groups Revolutionary Communist League (LCR) (Spain) and GAC - Similarity: 1.0 (Matched:weapon target region country)
  1971-07-01 -> 1971-07-02
Groups Students for a Democratic Society and Chicano Liberation Front - Similarity: 1.0 (Matched:weapon target region country)
  1971-05-07 -> 1971-05-08
Groups Revolutionary Force 9 and Puerto Rican Nationalists - Similarity: 1.0 (Matched:weapon target region country)
  1970-03-12 -> 1970-03-15
  1970-03-12 -> 1970-03-15
  1970-03-12 -> 1970-03-15
Groups Puerto Rican Nationalists and Armed Commandos of Liberation - Similarity: 1.0 (Matched:weapon target region country)
  1971-04-14 -> 1971-04-19
Groups Argentine Liberation Front (FAL) and Argentine National Organization Movement (MANO) - Similarity: 1.0 (Matched:weapon target region country)
  1970-03-24 -> 1970-03-29
Groups Puerto Rican Nationalists and Jewish Defense League (JDL) - Similarity: 1.0 (Matched:weapon target region country)
  1971-04-14 -> 1971-04-22
Groups Left-wing extremists and Student Radicals - Similarity: 1.0 (Matched:weapon target region country)
  1971-04-27 -> 1971-05-05
Groups Weather Underground, Weathermen and People's Revolutionary Party - Similarity: 1.0 (Matched:weapon target region country)
  1971-04-23 -> 1971-05-01
Groups BAY Bombers and Left-Wing Militants - Similarity: 1.0 (Matched:weapon target region country)
  1971-02-04 -> 1971-02-13
Groups Jewish Defense League (JDL) and People's Revolutionary Party - Similarity: 1.0 (Matched:weapon target region country)
  1971-04-22 -> 1971-05-01
Groups Revolutionary Force 9 and Black Panthers - Similarity: 1.0 (Matched:weapon target region country)
  1970-03-12 -> 1970-03-22
  1970-03-12 -> 1970-03-22
  1970-03-12 -> 1970-03-22
  1970-03-12 -> 1970-03-22
  1970-03-12 -> 1970-03-22
  1970-03-12 -> 1970-03-22
  1970-03-12 -> 1970-03-22
  1970-03-12 -> 1970-03-22
  1970-03-12 -> 1970-03-22
Groups Jewish Defense League (JDL) and Seattle Liberation Front - Similarity: 1.0 (Matched:weapon target region country)
  1970-06-23 -> 1970-07-03
Groups Armed Commandos of Liberation and People's Revolutionary Party - Similarity: 1.0 (Matched:weapon target region country)
  1971-04-19 -> 1971-05-01
Groups Left-wing extremists and Regulators - Similarity: 1.0 (Matched:weapon target region country)
  1971-04-27 -> 1971-05-09
Groups Movement of the Revolutionary Left (MIR) (Venezuela) and Armed Forces of National Liberation- Venezuela (FALN) - Similarity: 1.0 (Matched:weapon target region country)
  1971-02-11 -> 1971-02-21
  1971-02-11 -> 1971-03-01
Groups Puerto Rican Nationalists and People's Revolutionary Party - Similarity: 1.0 (Matched:weapon target region country)
  1971-04-14 -> 1971-05-01
Groups Welsh Extremists and Quartermoon Society - Similarity: 1.0 (Matched:weapon target region country)
  1970-09-20 -> 1970-10-08
Groups Ku Klux Klan and Secret Cuban Government - Similarity: 1.0 (Matched:weapon target region country)
  1971-03-11 -> 1971-03-30
Groups Stop the War Coalition and Right-wing extremists - Similarity: 1.0 (Matched:weapon target region country)
  1970-05-09 -> 1970-05-28
Groups Ku Klux Klan and Jewish Defense League (JDL) - Similarity: 1.0 (Matched:weapon target region country)
  1971-03-11 -> 1971-03-30
Groups Chicano Liberation Front and Stop the War Coalition - Similarity: 1.0 (Matched:weapon target region country)
  1970-04-15 -> 1970-05-09
  1970-04-15 -> 1970-05-09
Groups New Year's Gang and Welsh Extremists - Similarity: 1.0 (Matched:weapon target region country)
  1970-08-24 -> 1970-09-20
Groups GAC and Revolutionary Communist League (LCR) (Spain) - Similarity: 1.0 (Matched:weapon target region country)
  1971-07-02 -> 1971-07-29
Groups New Year's Gang and Strikers - Similarity: 0.9 (Matched:weapon target region country)
  1970-02-22 -> 1970-02-23
  1970-02-22 -> 1970-02-23
  1970-02-22 -> 1970-02-23
  1970-02-22 -> 1970-02-23
  1970-02-22 -> 1970-03-23
Groups Popular Revolutionary Vanguard (VPR) and Tupamaros (Uruguay) - Similarity: 0.9 (Matched:weapon target region)
  1970-06-11 -> 1970-06-12
Groups Black September and Popular Front for the Liberation of Palestine (PFLP) - Similarity: 0.9 (Matched:weapon target region)
  1971-08-24 -> 1971-08-28
Groups Argentine National Organization Movement (MANO) and Popular Revolutionary Vanguard (VPR) - Similarity: 0.9 (Matched:weapon target region)
  1970-03-29 -> 1970-04-05
Groups Chicano Liberation Front and People's Revolutionary Party - Similarity: 0.9 (Matched:weapon target region country)
  1971-04-08 -> 1971-05-01
  1971-04-23 -> 1971-05-01
  1971-04-28 -> 1971-05-01
  1971-04-29 -> 1971-05-01
  1971-04-29 -> 1971-05-01
Groups Tupamaros (Uruguay) and Movement of the Revolutionary Left (MIR) (Venezuela) - Similarity: 0.9 (Matched:weapon target region)
  1971-02-03 -> 1971-02-11
Groups Popular Front for the Liberation of Palestine, Gen Cmd (PFLP-GC) and Eritrean Liberation Front - Similarity: 0.9 (Matched:weapon target region)
  1970-02-21 -> 1970-03-01
  1970-02-21 -> 1970-03-01
Groups Armed Revolutionary Independence Movement (MIRA) and Puerto Rican Nationalists - Similarity: 0.9 (Matched:weapon target region country)
  1970-05-01 -> 1970-05-01
  1970-05-01 -> 1970-05-01
  1971-03-19 -> 1971-04-14
Groups Black Panthers and Black Liberation Army - Similarity: 0.9 (Matched:weapon target region country)
  1971-04-19 -> 1971-05-19
  1971-05-13 -> 1971-05-19
  1971-05-13 -> 1971-05-21
  1971-05-13 -> 1971-06-05
Groups Official Irish Republican Army (OIRA) and Irish Republican Army (IRA) - Similarity: 0.9 (Matched:weapon target region country)
  1971-03-08 -> 1971-03-10
  1971-05-22 -> 1971-05-25
  1971-08-14 -> 1971-08-25
  1971-08-14 -> 1971-08-29
  1971-08-14 -> 1971-08-30
Groups Puerto Rican Nationalists and Black Panthers - Similarity: 0.9 (Matched:weapon target region country)
  1970-03-15 -> 1970-03-22
  1970-03-15 -> 1970-03-22
  1970-03-15 -> 1970-03-22
  1970-05-01 -> 1970-05-13
  1970-05-01 -> 1970-05-22
Groups Revolutionary Communist League (LCR) (Spain) and Irish Republican Extremists - Similarity: 0.9 (Matched:weapon target region)
  1971-07-29 -> 1971-08-09
Groups Rebel Armed Forces of Guatemala (FAR) and Sandinista National Liberation Front (FSLN) - Similarity: 0.9 (Matched:weapon target region)
  1970-07-11 -> 1970-07-23
Groups Argentine Liberation Front (FAL) and Popular Revolutionary Vanguard (VPR) - Similarity: 0.9 (Matched:weapon target region)
  1970-03-24 -> 1970-04-05
Groups Popular Revolutionary Vanguard (VPR) and Argentine Liberation Front (FAL) - Similarity: 0.9 (Matched:weapon target region)
  1970-03-11 -> 1970-03-24
Groups Black Afro Militant Movement and Student Radicals - Similarity: 0.9 (Matched:weapon target region country)
  1970-05-05 -> 1970-05-14
  1970-05-05 -> 1970-05-14
  1970-05-05 -> 1970-05-28
  1970-05-20 -> 1970-05-28
  1970-05-20 -> 1970-06-18
Groups Student Radicals and Stop the War Coalition - Similarity: 0.9 (Matched:weapon target region country)
  1970-04-11 -> 1970-05-09
  1970-04-14 -> 1970-05-09
  1970-04-20 -> 1970-05-09
  1970-04-22 -> 1970-05-09
  1970-04-22 -> 1970-05-09
  1970-04-22 -> 1970-05-09
  1970-04-22 -> 1970-05-09
  1970-04-24 -> 1970-05-09
  1970-04-27 -> 1970-05-09
  1970-04-27 -> 1970-05-09
  1970-04-27 -> 1970-05-09
  1970-05-01 -> 1970-05-09
Groups Secret Cuban Government and Jewish Defense League (JDL) - Similarity: 0.9 (Matched:weapon target region country)
  1971-03-30 -> 1971-03-30
  1971-03-30 -> 1971-04-22
  1971-07-01 -> 1971-07-30
Groups Popular Revolutionary Vanguard (VPR) and Argentine National Organization Movement (MANO) - Similarity: 0.9 (Matched:weapon target region)
  1970-03-11 -> 1970-03-29
Groups Ejercito de Liberacion Nacional (Bolivia) and Ejercito Revolucionaria del Pueblo (ERP) (Argentina) - Similarity: 0.9 (Matched:weapon target region)
  1971-05-04 -> 1971-05-23
Groups Left-Wing Militants and BAY Bombers - Similarity: 0.9 (Matched:weapon target region country)
  1971-01-05 -> 1971-02-04
  1971-01-15 -> 1971-02-04
  1971-01-15 -> 1971-02-04
  1971-01-19 -> 1971-02-04
Groups Tupamaros (Uruguay) and Armed Forces of National Liberation- Venezuela (FALN) - Similarity: 0.9 (Matched:weapon target region)
  1971-02-03 -> 1971-02-21
  1971-02-03 -> 1971-03-01
Groups Revolutionary Communist League (LCR) (Spain) and Irish Republican Army (IRA) - Similarity: 0.9 (Matched:weapon target region)
  1971-07-29 -> 1971-08-25
Groups Weather Underground, Weathermen and Quartermoon Society - Similarity: 0.8 (Matched:weapon target region country)
  1970-09-25 -> 1970-10-08
  1970-10-05 -> 1970-10-08
  1970-10-08 -> 1970-10-08
  1970-10-08 -> 1970-10-08
  1970-10-08 -> 1970-10-08
Groups Jewish Defense League (JDL) and Secret Cuban Government - Similarity: 0.8 (Matched:weapon target region country)
  1971-03-30 -> 1971-03-30
  1971-06-22 -> 1971-07-01
Groups Armed Revolutionary Independence Movement (MIRA) and Chicano Liberation Front - Similarity: 0.8 (Matched:weapon target region country)
  1971-08-22 -> 1971-08-27
  1971-08-22 -> 1971-08-29
  1971-08-22 -> 1971-08-27
  1971-08-22 -> 1971-08-29
  1971-08-22 -> 1971-08-27
  1971-08-22 -> 1971-08-29
  1971-08-22 -> 1971-08-27
  1971-08-22 -> 1971-08-29
  1971-08-22 -> 1971-08-27
  1971-08-22 -> 1971-08-29
  1971-08-22 -> 1971-08-27
  1971-08-22 -> 1971-08-29
  1971-08-22 -> 1971-08-27
  1971-08-22 -> 1971-08-29
  1971-08-22 -> 1971-08-27
  1971-08-22 -> 1971-08-29
  1971-08-22 -> 1971-08-27
  1971-08-22 -> 1971-08-29
  1971-08-22 -> 1971-08-27
  1971-08-22 -> 1971-08-29
  1971-08-23 -> 1971-08-27
  1971-08-23 -> 1971-08-29
  1971-08-23 -> 1971-08-27
  1971-08-23 -> 1971-08-29
  1971-08-23 -> 1971-08-27
  1971-08-23 -> 1971-08-29
  1971-08-23 -> 1971-08-27
  1971-08-23 -> 1971-08-29
  1971-08-23 -> 1971-08-27
  1971-08-23 -> 1971-08-29
Groups Black Liberation Army and Black Nationalists - Similarity: 0.8 (Matched:weapon target region country)
  1971-01-13 -> 1971-01-19
  1971-03-30 -> 1971-04-02
  1971-05-19 -> 1971-05-28
  1971-05-19 -> 1971-05-29
  1971-05-21 -> 1971-05-28
  1971-05-21 -> 1971-05-29
Groups Right-wing extremists and Student Radicals - Similarity: 0.8 (Matched:weapon target region country)
  1970-05-28 -> 1970-05-28
  1970-05-28 -> 1970-06-18
  1970-09-09 -> 1970-09-10
Groups Stop the War Coalition and Black Afro Militant Movement - Similarity: 0.8 (Matched:weapon target region country)
  1970-05-09 -> 1970-05-13
  1970-05-09 -> 1970-05-20
Groups Jewish Defense League (JDL) and Black Panthers - Similarity: 0.8 (Matched:weapon target region country)
  1970-06-23 -> 1970-06-29
  1970-06-23 -> 1970-07-02
Groups Black Panthers and Jewish Defense League (JDL) - Similarity: 0.8 (Matched:weapon target region country)
  1970-06-11 -> 1970-06-23
  1970-06-13 -> 1970-06-23
  1970-06-21 -> 1970-06-23
Groups Black Panthers and National Committee to Combat Fascism - Similarity: 0.8 (Matched:weapon target region country)
  1970-06-11 -> 1970-06-28
  1970-06-21 -> 1970-06-28
  1970-10-24 -> 1970-10-24
Groups Irish Republican Army (IRA) and Official Irish Republican Army (OIRA) - Similarity: 0.8 (Matched:weapon target region country)
  1971-02-06 -> 1971-03-08
  1971-02-15 -> 1971-03-08
  1971-02-26 -> 1971-03-08
  1971-08-08 -> 1971-08-14
  1971-08-09 -> 1971-08-14
  1971-08-10 -> 1971-08-14
Groups Chicano Liberation Front and Weather Underground, Weathermen - Similarity: 0.8 (Matched:weapon target region country)
  1971-02-22 -> 1971-03-01
  1971-02-22 -> 1971-03-16
  1971-02-22 -> 1971-03-23
  1971-03-01 -> 1971-03-01
  1971-03-01 -> 1971-03-16
  1971-03-01 -> 1971-03-23
  1971-04-08 -> 1971-04-23
  1971-04-23 -> 1971-04-23
  1971-08-27 -> 1971-08-29
  1971-08-29 -> 1971-08-29
Groups Left-Wing Militants and People's Revolutionary Party - Similarity: 0.8 (Matched:weapon target region country)
  1971-04-05 -> 1971-05-01
  1971-04-15 -> 1971-05-01
  1971-04-20 -> 1971-05-01
  1971-04-20 -> 1971-05-01
  1971-04-24 -> 1971-05-01
  1971-04-27 -> 1971-05-01
  1971-04-28 -> 1971-05-01
  1971-04-29 -> 1971-05-01
  1971-04-30 -> 1971-05-01
Groups Weather Underground, Weathermen and Chicano Liberation Front - Similarity: 0.8 (Matched:weapon target region country)
  1970-02-21 -> 1970-03-17
  1970-03-06 -> 1970-03-17
  1970-03-06 -> 1970-03-17
  1971-03-01 -> 1971-03-01
  1971-03-16 -> 1971-04-08
  1971-03-23 -> 1971-04-08
  1971-04-23 -> 1971-04-23
  1971-04-23 -> 1971-04-28
  1971-04-23 -> 1971-04-29
  1971-04-23 -> 1971-04-29
  1971-04-23 -> 1971-05-06
  1971-04-23 -> 1971-05-08
  1971-04-23 -> 1971-05-09
  1971-04-23 -> 1971-05-11
  1971-08-28 -> 1971-08-29
  1971-08-28 -> 1971-08-29
  1971-08-29 -> 1971-08-29
Groups Turkish People's Liberation Front (TPLF)(THKP-C) and Turkish People's Liberation Army - Similarity: 0.8 (Matched:weapon target region country)
  1970-10-02 -> 1970-10-03
  1970-10-02 -> 1970-10-06
  1970-10-02 -> 1970-10-27
Groups Left-Wing Militants and Seattle Liberation Front - Similarity: 0.8 (Matched:weapon target region country)
  1970-06-08 -> 1970-07-03
  1970-06-23 -> 1970-07-03
  1970-06-29 -> 1970-07-03
  1970-07-01 -> 1970-07-03
Groups National Committee to Combat Fascism and Black Nationalists - Similarity: 0.8 (Matched:weapon target region country)
  1970-06-28 -> 1970-06-30
  1970-06-28 -> 1970-07-02
  1970-06-28 -> 1970-07-05
  1970-06-28 -> 1970-07-17
  1970-10-24 -> 1970-11-15
Groups Student Radicals and Cuban Action - Similarity: 0.8 (Matched:weapon target region country)
  1970-04-27 -> 1970-05-16
  1970-05-01 -> 1970-05-16
  1970-05-01 -> 1970-05-16
  1970-05-04 -> 1970-05-16
  1970-05-14 -> 1970-05-16
  1970-05-14 -> 1970-05-16
Groups Strikers and New World Liberation Front (NWLF) - Similarity: 0.8 (Matched:weapon target region country)
  1970-03-23 -> 1970-04-13
  1970-04-05 -> 1970-04-13
  1970-04-08 -> 1970-04-13
Groups Chicano Liberation Front and Students for a Democratic Society - Similarity: 0.8 (Matched:weapon target region country)
  1971-04-08 -> 1971-05-07
  1971-04-23 -> 1971-05-07
  1971-04-28 -> 1971-05-07
  1971-04-29 -> 1971-05-07
  1971-04-29 -> 1971-05-07
  1971-05-06 -> 1971-05-07
Groups Black Panthers and Seattle Liberation Front - Similarity: 0.8 (Matched:weapon target region country)
  1970-06-11 -> 1970-07-03
  1970-06-13 -> 1970-07-03
  1970-06-21 -> 1970-07-03
  1970-06-29 -> 1970-07-03
  1970-07-02 -> 1970-07-03
Groups Puerto Rican Nationalists and Chicano Liberation Front - Similarity: 0.8 (Matched:weapon target region country)
  1970-03-15 -> 1970-03-17
  1971-02-16 -> 1971-02-22
  1971-02-16 -> 1971-03-01
  1971-02-16 -> 1971-02-22
  1971-02-16 -> 1971-03-01
  1971-02-16 -> 1971-02-22
  1971-02-16 -> 1971-03-01
  1971-02-16 -> 1971-02-22
  1971-02-16 -> 1971-03-01
  1971-02-16 -> 1971-02-22
  1971-02-16 -> 1971-03-01
  1971-02-27 -> 1971-03-01
  1971-04-14 -> 1971-04-23
  1971-04-14 -> 1971-04-28
  1971-04-14 -> 1971-04-29
  1971-04-14 -> 1971-04-29
  1971-04-14 -> 1971-05-06
  1971-04-14 -> 1971-05-08
  1971-04-14 -> 1971-05-09
  1971-04-14 -> 1971-05-11
Groups Chicano Liberation Front and Student Radicals - Similarity: 0.8 (Matched:weapon target region country)
  1970-03-17 -> 1970-03-31
  1970-03-17 -> 1970-04-01
  1970-03-17 -> 1970-04-04
  1970-03-17 -> 1970-04-05
  1970-03-17 -> 1970-04-11
  1970-03-17 -> 1970-04-14
  1970-04-08 -> 1970-04-11
  1970-04-08 -> 1970-04-14
  1970-04-08 -> 1970-04-20
  1970-04-08 -> 1970-04-22
  1970-04-08 -> 1970-04-22
  1970-04-08 -> 1970-04-22
  1970-04-08 -> 1970-04-22
  1970-04-08 -> 1970-04-24
  1970-04-08 -> 1970-04-27
  1970-04-08 -> 1970-04-27
  1970-04-08 -> 1970-04-27
  1970-04-08 -> 1970-05-01
  1970-04-15 -> 1970-04-20
  1970-04-15 -> 1970-04-22
  1970-04-15 -> 1970-04-22
  1970-04-15 -> 1970-04-22
  1970-04-15 -> 1970-04-22
  1970-04-15 -> 1970-04-24
  1970-04-15 -> 1970-04-27
  1970-04-15 -> 1970-04-27
  1970-04-15 -> 1970-04-27
  1970-04-15 -> 1970-05-01
  1970-04-15 -> 1970-05-14
  1970-04-15 -> 1970-05-14
  1970-04-15 -> 1970-04-20
  1970-04-15 -> 1970-04-22
  1970-04-15 -> 1970-04-22
  1970-04-15 -> 1970-04-22
  1970-04-15 -> 1970-04-22
  1970-04-15 -> 1970-04-24
  1970-04-15 -> 1970-04-27
  1970-04-15 -> 1970-04-27
  1970-04-15 -> 1970-04-27
  1970-04-15 -> 1970-05-01
  1970-04-15 -> 1970-05-14
  1970-04-15 -> 1970-05-14
  1971-02-22 -> 1971-03-23
  1971-03-01 -> 1971-03-23
  1971-04-08 -> 1971-05-05
  1971-04-23 -> 1971-05-05
  1971-04-28 -> 1971-05-05
  1971-04-29 -> 1971-05-05
  1971-04-29 -> 1971-05-05
Groups Armed Commandos of Liberation and Chicano Liberation Front - Similarity: 0.8 (Matched:weapon target region country)
  1971-04-19 -> 1971-04-23
  1971-04-19 -> 1971-04-28
  1971-04-19 -> 1971-04-29
  1971-04-19 -> 1971-04-29
  1971-04-19 -> 1971-05-06
  1971-04-19 -> 1971-05-08
  1971-04-19 -> 1971-05-09
  1971-04-19 -> 1971-05-11
Groups Black Panthers and Black Nationalists - Similarity: 0.8 (Matched:weapon target region country)
  1970-03-22 -> 1970-03-24
  1970-03-22 -> 1970-03-27
  1970-03-22 -> 1970-04-19
  1970-03-22 -> 1970-03-24
  1970-03-22 -> 1970-03-27
  1970-03-22 -> 1970-04-19
  1970-03-22 -> 1970-03-24
  1970-03-22 -> 1970-03-27
  1970-03-22 -> 1970-04-19
  1970-04-17 -> 1970-04-19
  1970-04-17 -> 1970-04-29
  1970-04-17 -> 1970-05-09
  1970-04-24 -> 1970-04-29
  1970-04-24 -> 1970-05-09
  1970-04-24 -> 1970-05-22
  1970-05-13 -> 1970-05-15
  1970-05-13 -> 1970-05-22
  1970-05-13 -> 1970-05-29
  1970-05-13 -> 1970-06-04
  1970-05-13 -> 1970-06-06
  1970-05-13 -> 1970-06-07
  1970-05-13 -> 1970-06-12
  1970-05-13 -> 1970-06-12
  1970-05-22 -> 1970-05-22
  1970-05-22 -> 1970-05-29
  1970-05-22 -> 1970-06-04
  1970-05-22 -> 1970-06-06
  1970-05-22 -> 1970-06-07
  1970-05-22 -> 1970-06-12
  1970-05-22 -> 1970-06-12
  1970-05-22 -> 1970-06-13
  1970-05-22 -> 1970-06-15
  1970-05-22 -> 1970-06-17
  1970-05-22 -> 1970-06-19
  1970-05-22 -> 1970-06-19
  1970-05-28 -> 1970-06-04
  1970-05-28 -> 1970-06-06
  1970-05-28 -> 1970-06-07
  1970-05-28 -> 1970-06-09
  1970-05-28 -> 1970-06-12
  1970-05-28 -> 1970-06-15
  1970-05-28 -> 1970-06-17
  1970-05-28 -> 1970-06-19
  1970-05-28 -> 1970-06-19
  1970-06-11 -> 1970-06-12
  1970-06-11 -> 1970-06-12
  1970-06-11 -> 1970-06-13
  1970-06-11 -> 1970-06-15
  1970-06-11 -> 1970-06-17
  1970-06-11 -> 1970-06-19
  1970-06-11 -> 1970-06-19
  1970-06-11 -> 1970-06-30
  1970-06-11 -> 1970-07-02
  1970-06-11 -> 1970-07-05
  1970-06-13 -> 1970-06-13
  1970-06-13 -> 1970-06-15
  1970-06-13 -> 1970-06-17
  1970-06-13 -> 1970-07-02
  1970-06-13 -> 1970-07-05
  1970-06-21 -> 1970-06-30
  1970-06-21 -> 1970-07-02
  1970-06-21 -> 1970-07-05
  1970-06-21 -> 1970-07-17
  1970-06-29 -> 1970-07-02
  1970-06-29 -> 1970-07-05
  1970-07-02 -> 1970-07-02
  1970-07-02 -> 1970-07-05
  1970-07-30 -> 1970-08-02
  1970-08-17 -> 1970-09-02
  1970-08-17 -> 1970-09-05
  1970-08-22 -> 1970-09-02
  1970-08-22 -> 1970-09-05
  1970-09-18 -> 1970-10-15
  1970-10-24 -> 1970-11-15
  1971-05-13 -> 1971-05-28
  1971-05-13 -> 1971-05-29
Groups Black Nationalists and National Committee to Combat Fascism - Similarity: 0.8 (Matched:weapon target region country)
  1970-06-04 -> 1970-06-28
  1970-06-06 -> 1970-06-28
  1970-06-07 -> 1970-06-28
  1970-06-09 -> 1970-06-28
  1970-06-12 -> 1970-06-28
  1970-06-15 -> 1970-06-28
  1970-06-17 -> 1970-06-28
  1970-06-19 -> 1970-06-28
  1970-06-19 -> 1970-06-28
  1970-10-15 -> 1970-10-24
  1970-10-21 -> 1970-10-24
Groups Left-Wing Militants and New Year's Gang - Similarity: 0.8 (Matched:weapon target region country)
  1970-02-15 -> 1970-02-22
  1970-07-27 -> 1970-08-24
  1970-07-27 -> 1970-08-24
  1970-08-05 -> 1970-08-24
  1970-08-17 -> 1970-08-24
  1970-08-22 -> 1970-08-24
Groups Black Panthers and Strikers - Similarity: 0.8 (Matched:weapon target region country)
  1970-03-22 -> 1970-03-23
  1970-03-22 -> 1970-04-05
  1970-03-22 -> 1970-04-05
  1970-03-22 -> 1970-04-08
  1970-03-22 -> 1970-04-14
  1970-03-22 -> 1970-04-16
  1970-03-22 -> 1970-03-23
  1970-03-22 -> 1970-04-05
  1970-03-22 -> 1970-04-05
  1970-03-22 -> 1970-04-08
  1970-03-22 -> 1970-04-14
  1970-03-22 -> 1970-04-16
  1970-03-22 -> 1970-03-23
  1970-03-22 -> 1970-04-05
  1970-03-22 -> 1970-04-05
  1970-03-22 -> 1970-04-08
  1970-03-22 -> 1970-04-14
  1970-03-22 -> 1970-04-16
  1970-05-13 -> 1970-05-21
Groups Black Afro Militant Movement and Right-wing extremists - Similarity: 0.8 (Matched:weapon target region country)
  1970-05-05 -> 1970-05-28
  1970-05-13 -> 1970-05-28
  1970-05-20 -> 1970-05-28
Groups Revolutionary Force 26 and Black Afro Militant Movement - Similarity: 0.8 (Matched:weapon target region country)
  1970-05-01 -> 1970-05-13
  1970-05-01 -> 1970-05-20
  1970-05-01 -> 1970-05-13
  1970-05-01 -> 1970-05-20
Groups Strikers and Armed Revolutionary Independence Movement (MIRA) - Similarity: 0.8 (Matched:weapon target region country)
  1970-01-12 -> 1970-02-06
  1970-01-12 -> 1970-02-08
  1970-01-12 -> 1970-02-08
  1970-01-12 -> 1970-02-09
  1970-01-22 -> 1970-02-08
  1970-01-22 -> 1970-02-08
  1970-01-22 -> 1970-02-09
  1970-01-30 -> 1970-02-08
  1970-01-30 -> 1970-02-08
  1970-01-30 -> 1970-02-09
  1970-01-30 -> 1970-02-06
  1970-01-30 -> 1970-02-08
  1970-01-30 -> 1970-02-08
  1970-01-30 -> 1970-02-09
  1970-02-04 -> 1970-02-08
  1970-02-04 -> 1970-02-08
  1970-02-04 -> 1970-02-09
  1970-02-09 -> 1970-02-09
  1970-04-05 -> 1970-05-01
  1970-04-05 -> 1970-05-01
  1970-04-05 -> 1970-05-01
  1970-04-05 -> 1970-05-01
  1970-04-08 -> 1970-05-01
  1970-04-08 -> 1970-05-01
  1970-04-14 -> 1970-05-01
  1970-04-14 -> 1970-05-01
  1970-04-16 -> 1970-05-01
  1970-04-16 -> 1970-05-01
  1970-04-22 -> 1970-05-01
  1970-04-22 -> 1970-05-01
  1970-11-21 -> 1970-12-14
Groups Cuban Action and Student Radicals - Similarity: 0.8 (Matched:weapon target region country)
  1970-05-16 -> 1970-05-28
  1970-05-16 -> 1970-06-05
Groups Revolutionary Force 26 and Black Nationalists - Similarity: 0.8 (Matched:weapon target region country)
  1970-05-01 -> 1970-05-01
  1970-05-01 -> 1970-05-06
  1970-05-01 -> 1970-05-13
  1970-05-01 -> 1970-05-14
  1970-05-01 -> 1970-05-15
  1970-05-01 -> 1970-05-25
  1970-05-01 -> 1970-05-26
  1970-05-01 -> 1970-05-26
  1970-05-01 -> 1970-05-27
  1970-05-01 -> 1970-05-27
  1970-05-01 -> 1970-05-01
  1970-05-01 -> 1970-05-06
  1970-05-01 -> 1970-05-13
  1970-05-01 -> 1970-05-14
  1970-05-01 -> 1970-05-15
  1970-05-01 -> 1970-05-25
  1970-05-01 -> 1970-05-26
  1970-05-01 -> 1970-05-26
  1970-05-01 -> 1970-05-27
  1970-05-01 -> 1970-05-27
Groups Chicano Liberation Front and Jewish Defense League (JDL) - Similarity: 0.8 (Matched:weapon target region country)
  1971-03-01 -> 1971-03-30
  1971-04-08 -> 1971-04-22
  1971-06-22 -> 1971-06-22
  1971-06-22 -> 1971-06-22
  1971-07-01 -> 1971-07-30
  1971-07-06 -> 1971-07-25
  1971-07-08 -> 1971-07-30
  1971-07-08 -> 1971-07-30
  1971-07-18 -> 1971-07-30
  1971-07-18 -> 1971-08-11
Groups Black Panthers and Weather Underground, Weathermen - Similarity: 0.8 (Matched:weapon target region country)
  1970-05-13 -> 1970-06-08
  1970-05-13 -> 1970-06-09
  1970-05-22 -> 1970-06-08
  1970-05-22 -> 1970-06-09
  1970-05-28 -> 1970-06-09
  1970-06-11 -> 1970-07-07
  1970-06-13 -> 1970-07-07
  1970-06-21 -> 1970-07-07
  1970-06-29 -> 1970-07-07
  1970-06-29 -> 1970-07-27
  1970-07-02 -> 1970-07-07
  1970-07-02 -> 1970-07-27
  1970-07-02 -> 1970-07-30
  1970-07-02 -> 1970-08-01
  1970-07-30 -> 1970-07-30
  1970-07-30 -> 1970-08-01
  1970-09-18 -> 1970-09-23
Groups Revolutionary Armed Forces- Argentina (FAR-A) and Peronist Armed Forces (FAP) - Similarity: 0.8 (Matched:weapon target region country)
  1970-07-31 -> 1970-08-09
  1970-12-29 -> 1971-01-24
Groups Revolutionary Force 9 and Left-Wing Militants - Similarity: 0.8 (Matched:weapon target region country)
  1970-03-12 -> 1970-03-14
  1970-03-12 -> 1970-03-21
  1970-03-12 -> 1970-03-31
  1970-03-12 -> 1970-04-02
  1970-03-12 -> 1970-04-04
  1970-03-12 -> 1970-04-04
  1970-03-12 -> 1970-04-11
  1970-03-12 -> 1970-03-14
  1970-03-12 -> 1970-03-21
  1970-03-12 -> 1970-03-31
  1970-03-12 -> 1970-04-02
  1970-03-12 -> 1970-04-04
  1970-03-12 -> 1970-04-04
  1970-03-12 -> 1970-04-11
  1970-03-12 -> 1970-03-14
  1970-03-12 -> 1970-03-21
  1970-03-12 -> 1970-03-31
  1970-03-12 -> 1970-04-02
  1970-03-12 -> 1970-04-04
  1970-03-12 -> 1970-04-04
  1970-03-12 -> 1970-04-11
Groups White extremists and Jewish Defense League (JDL) - Similarity: 0.8 (Matched:weapon target region country)
  1970-07-16 -> 1970-07-24
  1970-08-28 -> 1970-09-27
Groups Armed Commandos of Liberation and Ku Klux Klan - Similarity: 0.8 (Matched:weapon target region country)
  1970-04-23 -> 1970-05-12
  1970-04-23 -> 1970-05-12
  1970-04-23 -> 1970-05-12
  1970-04-23 -> 1970-05-12
Groups Jewish Defense League (JDL) and Armed Revolutionary Independence Movement (MIRA) - Similarity: 0.8 (Matched:weapon target region country)
  1970-11-25 -> 1970-12-14
  1970-11-25 -> 1970-12-14
  1971-07-25 -> 1971-08-22
  1971-07-25 -> 1971-08-23
  1971-07-25 -> 1971-08-23
  1971-07-25 -> 1971-08-23
  1971-07-25 -> 1971-08-23
  1971-07-25 -> 1971-08-23
  1971-07-30 -> 1971-08-22
  1971-07-30 -> 1971-08-22
  1971-07-30 -> 1971-08-22
  1971-07-30 -> 1971-08-22
  1971-07-30 -> 1971-08-22
  1971-07-30 -> 1971-08-22
  1971-07-30 -> 1971-08-22
  1971-07-30 -> 1971-08-22
  1971-07-30 -> 1971-08-22
  1971-07-30 -> 1971-08-22
  1971-07-30 -> 1971-08-23
  1971-07-30 -> 1971-08-23
  1971-07-30 -> 1971-08-23
  1971-07-30 -> 1971-08-23
  1971-07-30 -> 1971-08-23
  1971-08-11 -> 1971-08-22
  1971-08-11 -> 1971-08-22
  1971-08-11 -> 1971-08-22
  1971-08-11 -> 1971-08-22
  1971-08-11 -> 1971-08-22
  1971-08-11 -> 1971-08-22
  1971-08-11 -> 1971-08-22
  1971-08-11 -> 1971-08-22
  1971-08-11 -> 1971-08-22
  1971-08-11 -> 1971-08-22
  1971-08-11 -> 1971-08-23
  1971-08-11 -> 1971-08-23
  1971-08-11 -> 1971-08-23
  1971-08-11 -> 1971-08-23
  1971-08-11 -> 1971-08-23
Groups Left-Wing Militants and White Panther Party - Similarity: 0.8 (Matched:weapon target region country)
  1970-07-14 -> 1970-08-10
  1970-07-16 -> 1970-08-10
  1970-07-16 -> 1970-08-10
  1970-07-22 -> 1970-08-10
  1970-07-23 -> 1970-08-10
  1970-08-07 -> 1970-08-10
Groups Seattle Liberation Front and Left-Wing Militants - Similarity: 0.8 (Matched:weapon target region country)
  1970-07-03 -> 1970-07-18
  1970-07-03 -> 1970-07-21
  1970-07-03 -> 1970-07-21
  1970-07-03 -> 1970-07-22
  1970-07-03 -> 1970-07-23
  1970-07-03 -> 1970-07-27
  1970-07-03 -> 1970-07-27
Groups Left-Wing Militants and Armed Revolutionary Independence Movement (MIRA) - Similarity: 0.8 (Matched:weapon target region country)
  1970-01-09 -> 1970-02-06
  1970-01-09 -> 1970-02-06
  1970-01-09 -> 1970-02-06
  1970-01-27 -> 1970-02-06
  1970-01-27 -> 1970-02-06
  1970-01-27 -> 1970-02-06
  1970-02-01 -> 1970-02-06
  1970-02-01 -> 1970-02-06
  1970-02-01 -> 1970-02-06
  1970-04-02 -> 1970-05-01
  1970-04-02 -> 1970-05-01
  1970-04-04 -> 1970-05-01
  1970-04-04 -> 1970-05-01
  1970-04-04 -> 1970-05-01
  1970-04-04 -> 1970-05-01
  1970-04-11 -> 1970-05-01
  1970-04-11 -> 1970-05-01
  1970-04-21 -> 1970-05-01
  1970-04-21 -> 1970-05-01
  1970-04-24 -> 1970-05-01
  1970-04-24 -> 1970-05-01
  1970-04-25 -> 1970-05-01
  1970-04-25 -> 1970-05-01
  1970-04-25 -> 1970-05-01
  1970-04-25 -> 1970-05-01
  1970-04-25 -> 1970-05-01
  1970-04-25 -> 1970-05-01
  1970-04-26 -> 1970-05-01
  1970-04-26 -> 1970-05-01
  1970-11-18 -> 1970-12-14
  1970-11-21 -> 1970-12-14
  1970-11-22 -> 1970-12-14
  1971-03-15 -> 1971-03-19
  1971-07-24 -> 1971-08-22
  1971-07-24 -> 1971-08-22
  1971-07-24 -> 1971-08-22
  1971-07-24 -> 1971-08-22
  1971-07-24 -> 1971-08-22
  1971-07-24 -> 1971-08-22
  1971-07-24 -> 1971-08-22
  1971-07-24 -> 1971-08-22
  1971-07-24 -> 1971-08-22
  1971-07-28 -> 1971-08-22
  1971-07-28 -> 1971-08-22
  1971-07-28 -> 1971-08-22
  1971-07-28 -> 1971-08-22
  1971-07-28 -> 1971-08-22
  1971-07-28 -> 1971-08-22
  1971-07-28 -> 1971-08-22
  1971-07-28 -> 1971-08-22
  1971-07-28 -> 1971-08-22
  1971-07-28 -> 1971-08-22
  1971-07-28 -> 1971-08-23
  1971-07-28 -> 1971-08-23
  1971-07-28 -> 1971-08-23
  1971-07-28 -> 1971-08-23
  1971-07-28 -> 1971-08-23
Groups Seattle Liberation Front and Weather Underground, Weathermen - Similarity: 0.8 (Matched:weapon target region country)
  1970-07-03 -> 1970-07-07
  1970-07-03 -> 1970-07-27
  1970-07-03 -> 1970-07-30
  1970-07-03 -> 1970-08-01
Groups Quartermoon Society and Left-Wing Militants - Similarity: 0.8 (Matched:weapon target region country)
  1970-10-08 -> 1970-10-28
  1970-10-08 -> 1970-10-29
  1970-10-08 -> 1970-10-30
  1970-10-08 -> 1970-10-30
  1970-10-08 -> 1970-10-30
  1970-10-08 -> 1970-10-30
Groups Puerto Rican Resistance Movement and Strikers - Similarity: 0.8 (Matched:weapon target region country)
  1970-03-21 -> 1970-04-05
  1970-03-21 -> 1970-04-14
  1970-03-21 -> 1970-04-16
  1970-03-21 -> 1970-04-05
  1970-03-21 -> 1970-04-14
  1970-03-21 -> 1970-04-16
Groups American Servicemen's Union (ASU) and New Year's Gang - Similarity: 0.8 (Matched:weapon target region country)
  1970-07-26 -> 1970-08-24
  1970-07-26 -> 1970-08-24
  1970-07-26 -> 1970-08-24
Groups Ejercito Revolucionaria del Pueblo (ERP) (Argentina) and Black Panthers - Similarity: 0.7 (Matched:weapon target)
  1970-09-18 -> 1970-09-18
Groups Revolutionary Force Seven and Student Radicals - Similarity: 0.7 (Matched:weapon region country)
  1970-07-01 -> 1970-07-01
Groups Cuban Exiles and Chicano Liberation Front - Similarity: 0.7 (Matched:weapon region country)
  1970-04-15 -> 1970-04-15
  1970-04-15 -> 1970-04-15
Groups Turkish People's Liberation Army and Chicano Liberation Front - Similarity: 0.7 (Matched:weapon target)
  1971-01-29 -> 1971-01-29
Groups Black Panthers and Ejercito Revolucionaria del Pueblo (ERP) (Argentina) - Similarity: 0.7 (Matched:weapon target)
  1970-09-18 -> 1970-09-18

14. Indirect connections between Taliban and ISIS:
